INFO 2018-06-10 16:53:18,398 - 1. Programme started.
INFO 2018-06-10 16:53:39,375 - 2. Logged into Twitter.
INFO 2018-06-10 16:54:31,840 - 3. Defollowed 1 round of followers.
INFO 2018-06-10 16:55:23,740 - 3. Defollowed 1 round of followers.
INFO 2018-06-10 16:56:17,417 - 3. Defollowed 1 round of followers.
INFO 2018-06-10 16:56:27,797 - 4. Programme finished.

INFO 2018-06-10 17:07:49,052 - 1. Programme started.
INFO 2018-06-10 17:08:10,335 - 2. Logged into Twitter.
INFO 2018-06-10 17:09:01,564 - 3. Defollowed 1 round of followers.
INFO 2018-06-10 17:09:53,106 - 3. Defollowed 1 round of followers.
INFO 2018-06-10 17:10:48,779 - 3. Defollowed 1 round of followers.
INFO 2018-06-10 17:11:01,498 - 4. Programme finished.

INFO 2018-06-10 17:36:28,409 - 1. Programme started
INFO 2018-06-10 17:38:42,695 - 1. Programme started
INFO 2018-06-10 17:39:05,116 - 2. Logged into Twitter
INFO 2018-06-10 17:39:57,016 - 3. Defollowed 1 round of followers
INFO 2018-06-10 17:40:51,562 - 3. Defollowed 1 round of followers
INFO 2018-06-10 17:41:46,023 - 3. Defollowed 1 round of followers
INFO 2018-06-10 17:41:56,589 - 4. Programme finished 

INFO 2018-06-22 01:42:03,203 - 1. Programme started
INFO 2018-06-22 01:42:37,193 - 2. Logged into Twitter
INFO 2018-06-22 01:45:02,379 - 3. Defollowed 1 round of followers
INFO 2018-06-22 01:47:27,904 - 3. Defollowed 1 round of followers
INFO 2018-06-22 01:49:52,902 - 3. Defollowed 1 round of followers
INFO 2018-06-22 01:51:36,647 - 4. Programme finished 

